TN:
SF:src/App.js
FN:4,App
FNF:1
FNH:1
FNDA:1,App
DA:5,1
LF:1
LH:1
BRF:0
BRH:0
end_of_record
TN:
SF:src/Constants.js
FNF:0
FNH:0
DA:1,2
DA:2,2
LF:2
LH:2
BRF:0
BRH:0
end_of_record
TN:
SF:src/index.js
FNF:0
FNH:0
DA:6,0
DA:7,0
LF:2
LH:0
BRF:0
BRH:0
end_of_record
TN:
SF:src/Components/Pagination/Pagination.js
FN:6,(anonymous_0)
FN:17,(anonymous_1)
FN:21,(anonymous_2)
FN:26,(anonymous_3)
FN:33,(anonymous_4)
FN:44,(anonymous_5)
FNF:6
FNH:5
FNDA:7,(anonymous_0)
FNDA:1,(anonymous_1)
FNDA:38,(anonymous_2)
FNDA:1,(anonymous_3)
FNDA:1,(anonymous_4)
FNDA:0,(anonymous_5)
DA:6,3
DA:7,7
DA:9,7
DA:10,7
DA:17,1
DA:22,38
DA:26,1
DA:33,1
DA:40,3
DA:46,3
LF:10
LH:10
BRDA:15,0,0,2
BRDA:15,0,1,5
BRDA:25,1,0,7
BRDA:25,1,1,31
BRDA:32,2,0,1
BRDA:32,2,1,6
BRF:6
BRH:6
end_of_record
TN:
SF:src/Components/Pagination/Pagination.utils.js
FN:1,(anonymous_0)
FNF:1
FNH:1
FNDA:8,(anonymous_0)
DA:1,4
DA:2,8
DA:3,8
DA:5,8
DA:6,8
DA:8,8
DA:9,7
DA:12,8
DA:13,48
DA:16,8
LF:10
LH:10
BRDA:8,0,0,7
BRDA:8,0,1,1
BRF:2
BRH:2
end_of_record
TN:
SF:src/Components/Table/Table.js
FN:6,(anonymous_0)
FN:11,(anonymous_1)
FN:17,(anonymous_2)
FN:21,(anonymous_3)
FN:42,(anonymous_4)
FNF:5
FNH:4
FNDA:6,(anonymous_0)
FNDA:4,(anonymous_1)
FNDA:4,(anonymous_2)
FNDA:0,(anonymous_3)
FNDA:6,(anonymous_4)
DA:6,2
DA:8,6
DA:9,6
DA:11,6
DA:12,4
DA:13,3
DA:14,3
DA:17,6
DA:18,4
DA:21,6
DA:22,0
DA:25,6
DA:26,6
DA:28,6
DA:43,6
LF:15
LH:14
BRDA:53,0,0,6
BRDA:53,0,1,1
BRF:2
BRH:2
end_of_record
